# Logfile created on 2019-01-08 19:18:51 +0800 by logger.rb/56438
  INFO ---------------------------------------------------------------------------
  INFO START 2019-01-08 19:18:51 +0800 cap production puma:restart
  INFO ---------------------------------------------------------------------------
  WARN rbenv: rbenv_ruby is not set
 DEBUG [eae93237] Running if test ! -d /home/deploy/railsapp/current; then echo "Directory does not exist '/home/deploy/railsapp/current'" 1>&2; false; fi as deploy@13.112.153.40
 DEBUG [eae93237] Command: if test ! -d /home/deploy/railsapp/current; then echo "Directory does not exist '/home/deploy/railsapp/current'" 1>&2; false; fi
 DEBUG [eae93237] Finished in 2.173 seconds with exit status 0 (successful).
 DEBUG [d79db43d] Running [ -f /home/deploy/railsapp/shared/tmp/pids/puma.pid ] as deploy@13.112.153.40
 DEBUG [d79db43d] Command: [ -f /home/deploy/railsapp/shared/tmp/pids/puma.pid ]
 DEBUG [d79db43d] Finished in 1.568 seconds with exit status 0 (successful).
 DEBUG [ce661abd] Running kill -0 $( cat /home/deploy/railsapp/shared/tmp/pids/puma.pid ) as deploy@13.112.153.40
 DEBUG [ce661abd] Command: kill -0 $( cat /home/deploy/railsapp/shared/tmp/pids/puma.pid )
 DEBUG [ce661abd] 	sh: 1: kill: No such process

 DEBUG [ce661abd] Finished in 0.232 seconds with exit status 1 (failed).
 DEBUG [37dafb3a] Running [ -f /home/deploy/railsapp/shared/puma.rb ] as deploy@13.112.153.40
 DEBUG [37dafb3a] Command: [ -f /home/deploy/railsapp/shared/puma.rb ]
 DEBUG [37dafb3a] Finished in 0.199 seconds with exit status 1 (failed).
 DEBUG Uploading /home/deploy/railsapp/shared/puma.rb 0.0%
  INFO Uploading /home/deploy/railsapp/shared/puma.rb 100.0%
 DEBUG [c870f803] Running if test ! -d /home/deploy/railsapp/current; then echo "Directory does not exist '/home/deploy/railsapp/current'" 1>&2; false; fi as deploy@13.112.153.40
 DEBUG [c870f803] Command: if test ! -d /home/deploy/railsapp/current; then echo "Directory does not exist '/home/deploy/railsapp/current'" 1>&2; false; fi
 DEBUG [c870f803] Finished in 0.215 seconds with exit status 0 (successful).
  INFO [0bd297b6] Running $HOME/.rbenv/bin/rbenv exec bundle exec puma -C /home/deploy/railsapp/shared/puma.rb --daemon as deploy@13.112.153.40
 DEBUG [0bd297b6] Command: cd /home/deploy/railsapp/current && ( export RBENV_ROOT="$HOME/.rbenv" RBENV_VERSION="" RACK_ENV="production" ; $HOME/.rbenv/bin/rbenv exec bundle exec puma -C /home/deploy/railsapp/shared/puma.rb --daemon )
 DEBUG [0bd297b6] 	bundler: failed to load command: puma (/home/deploy/railsapp/shared/bundle/ruby/2.3.0/bin/puma)
 DEBUG [0bd297b6] 	Bundler::RubyVersionMismatch: Your Ruby version is 2.3.6, but your Gemfile specified 2.3.3
  /home/deploy/.rbenv/versions/2.3.6/lib/ruby/gems/2.3.0/gems/bundler-2.0.1/lib/bundler/definition.rb:495:in `validate_ruby!'
  /home/deploy/.rbenv/versions/2.3.6/lib/ruby/gems/2.3.0/gems/bundler-2.0.1/lib/bundler/definition.rb:470:in `validate_runtime!'
  /home/deploy/.rbenv/versions/2.3.6/lib/ruby/gems/2.3.0/gems/bundler-2.0.1/lib/bundler.rb:101:in `setup'
  /home/deploy/.rbenv/versions/2.3.6/lib/ruby/gems/2.3.0/gems/bundler-2.0.1/lib/bundler/setup.rb:20:in `<top (required)>'
  /home/deploy/.rbenv/versions/2.3.6/lib/ruby/2.3.0/rubygems/core_ext/kernel_require.rb:55:in `require'
  /home/deploy/.rbenv/versions/2.3.6/lib/ruby/2.3.0/rubygems/core_ext/kernel_require.rb:55:in `require'
 DEBUG [0bd297b6] 	
  INFO ---------------------------------------------------------------------------
  INFO START 2019-01-08 19:20:39 +0800 cap production puma:restart
  INFO ---------------------------------------------------------------------------
 DEBUG [1e8637cc] Running [ -d $HOME/.rbenv/versions/2.3.6 ] as deploy@13.112.153.40
 DEBUG [1e8637cc] Command: [ -d $HOME/.rbenv/versions/2.3.6 ]
 DEBUG [1e8637cc] Finished in 1.550 seconds with exit status 0 (successful).
 DEBUG [dbeda92d] Running if test ! -d /home/deploy/railsapp/current; then echo "Directory does not exist '/home/deploy/railsapp/current'" 1>&2; false; fi as deploy@13.112.153.40
 DEBUG [dbeda92d] Command: if test ! -d /home/deploy/railsapp/current; then echo "Directory does not exist '/home/deploy/railsapp/current'" 1>&2; false; fi
 DEBUG [dbeda92d] Finished in 1.644 seconds with exit status 0 (successful).
 DEBUG [453d7889] Running [ -f /home/deploy/railsapp/shared/tmp/pids/puma.pid ] as deploy@13.112.153.40
 DEBUG [453d7889] Command: [ -f /home/deploy/railsapp/shared/tmp/pids/puma.pid ]
 DEBUG [453d7889] Finished in 0.236 seconds with exit status 0 (successful).
 DEBUG [92ca4465] Running kill -0 $( cat /home/deploy/railsapp/shared/tmp/pids/puma.pid ) as deploy@13.112.153.40
 DEBUG [92ca4465] Command: kill -0 $( cat /home/deploy/railsapp/shared/tmp/pids/puma.pid )
 DEBUG [92ca4465] 	sh: 1: kill: No such process

 DEBUG [92ca4465] Finished in 0.240 seconds with exit status 1 (failed).
 DEBUG [eaa80336] Running [ -f /home/deploy/railsapp/shared/puma.rb ] as deploy@13.112.153.40
 DEBUG [eaa80336] Command: [ -f /home/deploy/railsapp/shared/puma.rb ]
 DEBUG [eaa80336] Finished in 0.202 seconds with exit status 0 (successful).
  INFO using conf file /home/deploy/railsapp/shared/puma.rb
 DEBUG [e834775c] Running if test ! -d /home/deploy/railsapp/current; then echo "Directory does not exist '/home/deploy/railsapp/current'" 1>&2; false; fi as deploy@13.112.153.40
 DEBUG [e834775c] Command: if test ! -d /home/deploy/railsapp/current; then echo "Directory does not exist '/home/deploy/railsapp/current'" 1>&2; false; fi
 DEBUG [e834775c] Finished in 0.236 seconds with exit status 0 (successful).
  INFO [d6ade4a5] Running $HOME/.rbenv/bin/rbenv exec bundle exec puma -C /home/deploy/railsapp/shared/puma.rb --daemon as deploy@13.112.153.40
 DEBUG [d6ade4a5] Command: cd /home/deploy/railsapp/current && ( export RBENV_ROOT="$HOME/.rbenv" RBENV_VERSION="2.3.6" RACK_ENV="production" ; $HOME/.rbenv/bin/rbenv exec bundle exec puma -C /home/deploy/railsapp/shared/puma.rb --daemon )
 DEBUG [d6ade4a5] 	bundler: failed to load command: puma (/home/deploy/railsapp/shared/bundle/ruby/2.3.0/bin/puma)
 DEBUG [d6ade4a5] 	Bundler::RubyVersionMismatch: Your Ruby version is 2.3.6, but your Gemfile specified 2.3.3
  /home/deploy/.rbenv/versions/2.3.6/lib/ruby/gems/2.3.0/gems/bundler-2.0.1/lib/bundler/definition.rb:495:in `validate_ruby!'
  /home/deploy/.rbenv/versions/2.3.6/lib/ruby/gems/2.3.0/gems/bundler-2.0.1/lib/bundler/definition.rb:470:in `validate_runtime!'
  /home/deploy/.rbenv/versions/2.3.6/lib/ruby/gems/2.3.0/gems/bundler-2.0.1/lib/bundler.rb:101:in `setup'
  /home/deploy/.rbenv/versions/2.3.6/lib/ruby/gems/2.3.0/gems/bundler-2.0.1/lib/bundler/setup.rb:20:in `<top (required)>'
  /home/deploy/.rbenv/versions/2.3.6/lib/ruby/2.3.0/rubygems/core_ext/kernel_require.rb:55:in `require'
  /home/deploy/.rbenv/versions/2.3.6/lib/ruby/2.3.0/rubygems/core_ext/kernel_require.rb:55:in `require'
 DEBUG [d6ade4a5] 	
